<?xml version="1.0" encoding="UTF-8"?>
<!-- Generated by org.testng.reporters.JUnitReportReporter -->
<testsuite hostname="DESKTOP-MJBCSRA" failures="0" tests="1" name="Academy.NegativeLoginTest" time="11.050" errors="0" timestamp="2021-04-06T12:43:38 BST" skipped="0">
  <testcase classname="Academy.NegativeLoginTest" name="NegativeLogin" time="11.050"/>
  <system-out/>
</testsuite> <!-- Academy.NegativeLoginTest -->
