<?xml version="1.0" encoding="UTF-8"?>
<!-- Generated by org.testng.reporters.JUnitReportReporter -->
<testsuite hostname="DESKTOP-MJBCSRA" failures="0" tests="2" name="Academy.HomePage" time="13.533" errors="0" timestamp="11 Jun 2019 15:10:25 GMT" skipped="0">
  <testcase classname="Academy.HomePage" name="basePageNavigation" time="6.641"/>
  <testcase classname="Academy.HomePage" name="basePageNavigation" time="6.892"/>
</testsuite> <!-- Academy.HomePage -->
